<?xml version="1.0" encoding="UTF-8"?>
<testsuites name="jest tests" tests="7" failures="0" errors="0" time="0.741">
  <testsuite name="Router" errors="0" failures="0" skipped="0" timestamp="2025-08-18T07:21:22" time="0.43" tests="7">
    <testcase classname="Router has the correct number of routes" name="Router has the correct number of routes" time="0.005">
    </testcase>
    <testcase classname="Router Home Route has the correct path" name="Router Home Route has the correct path" time="0">
    </testcase>
    <testcase classname="Router Home Route has the correct name" name="Router Home Route has the correct name" time="0.001">
    </testcase>
    <testcase classname="Router Home Route has a component defined" name="Router Home Route has a component defined" time="0">
    </testcase>
    <testcase classname="Router About Route has the correct path" name="Router About Route has the correct path" time="0.001">
    </testcase>
    <testcase classname="Router About Route has the correct name" name="Router About Route has the correct name" time="0">
    </testcase>
    <testcase classname="Router About Route has a component defined" name="Router About Route has a component defined" time="0">
    </testcase>
  </testsuite>
</testsuites>